#
# There is insufficient memory for the Java Runtime Environment to continue.
# Native memory allocation (malloc) failed to allocate 1048576 bytes for AllocateHeap
# Possible reasons:
#   The system is out of physical RAM or swap space
#   In 32 bit mode, the process size limit was hit
# Possible solutions:
#   Reduce memory load on the system
#   Increase physical memory or swap space
#   Check if swap backing store is full
#   Use 64 bit Java on a 64 bit OS
#   Decrease Java heap size (-Xmx/-Xms)
#   Decrease number of Java threads
#   Decrease Java thread stack sizes (-Xss)
#   Set larger code cache with -XX:ReservedCodeCacheSize=
# This output file may be truncated or incomplete.
#
#  Out of Memory Error (memory/allocation.inline.hpp:61), pid=30628, tid=0x0000000000003eec
#
# JRE version:  (8.0_161-b12) (build )
# Java VM: Java HotSpot(TM) 64-Bit Server VM (25.161-b12 mixed mode windows-amd64 compressed oops)
# Failed to write core dump. Minidumps are not enabled by default on client versions of Windows
#

---------------  T H R E A D  ---------------

Current thread (0x000000000497e800):  JavaThread "Unknown thread" [_thread_in_vm, id=16108, stack(0x00000000046c0000,0x00000000047c0000)]

Stack: [0x00000000046c0000,0x00000000047c0000]
[error occurred during error reporting (printing stack bounds), id 0xc0000005]

Native frames: (J=compiled Java code, j=interpreted, Vv=VM code, C=native code)


---------------  P R O C E S S  ---------------

Java Threads: ( => current thread )

Other Threads:

=>0x000000000497e800 (exited) JavaThread "Unknown thread" [_thread_in_vm, id=16108, stack(0x00000000046c0000,0x00000000047c0000)]

VM state:not at safepoint (normal execution)

VM Mutex/Monitor currently owned by a thread: None

Heap:
 PSYoungGen      total 18432K, used 317K [0x00000000eb600000, 0x00000000eca80000, 0x0000000100000000)
  eden space 15872K, 2% used [0x00000000eb600000,0x00000000eb64f5d0,0x00000000ec580000)
  from space 2560K, 0% used [0x00000000ec800000,0x00000000ec800000,0x00000000eca80000)
  to   space 2560K, 0% used [0x00000000ec580000,0x00000000ec580000,0x00000000ec800000)
 ParOldGen       total 42496K, used 0K [0x00000000c2200000, 0x00000000c4b80000, 0x00000000eb600000)
  object space 42496K, 0% used [0x00000000c2200000,0x00000000c2200000,0x00000000c4b80000)
 Metaspace       used 747K, capacity 4480K, committed 4480K, reserved 1056768K
  class space    used 75K, capacity 384K, committed 384K, reserved 1048576K

Card table byte_map: [0x0000000013d40000,0x0000000013f30000] byte_map_base: 0x000000001372f000

Marking Bits: (ParMarkBitMap*) 0x000000007479f860
 Begin Bits: [0x0000000014480000, 0x00000000153f8000)
 End Bits:   [0x00000000153f8000, 0x0000000016370000)

Polling page: 0x0000000002dd0000

CodeCache: size=245760Kb used=328Kb max_used=328Kb free=245431Kb
 bounds [0x0000000004980000, 0x0000000004bf0000, 0x0000000013980000]
 total_blobs=58 nmethods=0 adapters=38
 compilation: enabled

Compilation events (0 events):
No events

GC Heap History (0 events):
No events

Deoptimization events (0 events):
No events

Classes redefined (0 events):
No events

Internal exceptions (0 events):
No events

Events (10 events):
Event: 0.054 loading class java/lang/Short
Event: 0.054 loading class java/lang/Short done
Event: 0.054 loading class java/lang/Integer
Event: 0.054 loading class java/lang/Integer done
Event: 0.054 loading class java/lang/Long
Event: 0.054 loading class java/lang/Long done
Event: 0.057 loading class java/lang/NullPointerException
Event: 0.057 loading class java/lang/NullPointerException done
Event: 0.057 loading class java/lang/ArithmeticException
Event: 0.057 loading class java/lang/ArithmeticException done


Dynamic libraries:
0x00007ff6f59c0000 - 0x00007ff6f59f7000 	C:\Program Files\Java\jre1.8.0_161\bin\javaw.exe
0x00007ffca9b40000 - 0x00007ffca9d20000 	C:\WINDOWS\SYSTEM32\ntdll.dll
0x00007ffca7010000 - 0x00007ffca70be000 	C:\WINDOWS\System32\KERNEL32.DLL
0x00007ffca6530000 - 0x00007ffca6796000 	C:\WINDOWS\System32\KERNELBASE.dll
0x00007ffca8d60000 - 0x00007ffca8e01000 	C:\WINDOWS\System32\ADVAPI32.dll
0x00007ffca9a60000 - 0x00007ffca9afd000 	C:\WINDOWS\System32\msvcrt.dll
0x00007ffca9540000 - 0x00007ffca959b000 	C:\WINDOWS\System32\sechost.dll
0x00007ffca9040000 - 0x00007ffca915f000 	C:\WINDOWS\System32\RPCRT4.dll
0x00007ffca86e0000 - 0x00007ffca886f000 	C:\WINDOWS\System32\USER32.dll
0x00007ffca6800000 - 0x00007ffca6820000 	C:\WINDOWS\System32\win32u.dll
0x00007ffca8560000 - 0x00007ffca8588000 	C:\WINDOWS\System32\GDI32.dll
0x00007ffca6390000 - 0x00007ffca6523000 	C:\WINDOWS\System32\gdi32full.dll
0x00007ffca6820000 - 0x00007ffca68bb000 	C:\WINDOWS\System32\msvcp_win.dll
0x00007ffca61e0000 - 0x00007ffca62d6000 	C:\WINDOWS\System32\ucrtbase.dll
0x00007ffc97f80000 - 0x00007ffc981e9000 	C:\WINDOWS\WinSxS\amd64_microsoft.windows.common-controls_6595b64144ccf1df_6.0.16299.371_none_15c7d1789365a290\COMCTL32.dll
0x00007ffca8a50000 - 0x00007ffca8d58000 	C:\WINDOWS\System32\combase.dll
0x00007ffca5f90000 - 0x00007ffca6002000 	C:\WINDOWS\System32\bcryptPrimitives.dll
0x00007ffca8fb0000 - 0x00007ffca8fdd000 	C:\WINDOWS\System32\IMM32.DLL
0x00007ffca5070000 - 0x00007ffca50a1000 	C:\WINDOWS\SYSTEM32\ntmarta.dll
0x00007ffca5d90000 - 0x00007ffca5dc0000 	C:\WINDOWS\SYSTEM32\SspiCli.dll
0x0000000073ea0000 - 0x0000000073f72000 	C:\Program Files\Java\jre1.8.0_161\bin\msvcr100.dll
0x0000000073f80000 - 0x000000007481f000 	C:\Program Files\Java\jre1.8.0_161\bin\server\jvm.dll
0x00007ffca9160000 - 0x00007ffca9168000 	C:\WINDOWS\System32\PSAPI.DLL
0x00007ffca4230000 - 0x00007ffca4253000 	C:\WINDOWS\SYSTEM32\WINMM.dll
0x00007ffc96a50000 - 0x00007ffc96a5a000 	C:\WINDOWS\SYSTEM32\VERSION.dll
0x00007ffc94720000 - 0x00007ffc94729000 	C:\WINDOWS\SYSTEM32\WSOCK32.dll
0x00007ffca99f0000 - 0x00007ffca9a5c000 	C:\WINDOWS\System32\WS2_32.dll
0x00007ffca41d0000 - 0x00007ffca41fa000 	C:\WINDOWS\SYSTEM32\WINMMBASE.dll
0x00007ffca5f40000 - 0x00007ffca5f8a000 	C:\WINDOWS\System32\cfgmgr32.dll
0x00000000754b0000 - 0x00000000754bf000 	C:\Program Files\Java\jre1.8.0_161\bin\verify.dll
0x0000000075480000 - 0x00000000754a9000 	C:\Program Files\Java\jre1.8.0_161\bin\java.dll
0x0000000075460000 - 0x0000000075476000 	C:\Program Files\Java\jre1.8.0_161\bin\zip.dll

VM Arguments:
jvm_args: -Dfile.encoding=Cp1252 
java_command: ProgramaPrincipal
java_class_path (initial): C:\Program Files\Java\jre1.8.0_161\lib\resources.jar;C:\Program Files\Java\jre1.8.0_161\lib\rt.jar;C:\Program Files\Java\jre1.8.0_161\lib\jsse.jar;C:\Program Files\Java\jre1.8.0_161\lib\jce.jar;C:\Program Files\Java\jre1.8.0_161\lib\charsets.jar;C:\Program Files\Java\jre1.8.0_161\lib\jfr.jar;C:\Program Files\Java\jre1.8.0_161\lib\ext\access-bridge-64.jar;C:\Program Files\Java\jre1.8.0_161\lib\ext\cldrdata.jar;C:\Program Files\Java\jre1.8.0_161\lib\ext\dnsns.jar;C:\Program Files\Java\jre1.8.0_161\lib\ext\jaccess.jar;C:\Program Files\Java\jre1.8.0_161\lib\ext\jfxrt.jar;C:\Program Files\Java\jre1.8.0_161\lib\ext\localedata.jar;C:\Program Files\Java\jre1.8.0_161\lib\ext\nashorn.jar;C:\Program Files\Java\jre1.8.0_161\lib\ext\sunec.jar;C:\Program Files\Java\jre1.8.0_161\lib\ext\sunjce_provider.jar;C:\Program Files\Java\jre1.8.0_161\lib\ext\sunmscapi.jar;C:\Program Files\Java\jre1.8.0_161\lib\ext\sunpkcs11.jar;C:\Program Files\Java\jre1.8.0_161\lib\ext\zipfs.jar;C:\Users\Usuario\workspace\Proyecto_Concesionario\bin
Launcher Type: SUN_STANDARD

Environment Variables:
PATH=C:/Program Files/Java/jre1.8.0_161/bin/server;C:/Program Files/Java/jre1.8.0_161/bin;C:/Program Files/Java/jre1.8.0_161/lib/amd64;C:\Program Files (x86)\Common Files\Oracle\Java\javapath;C:\ProgramData\Oracle\Java\javapath;C:\Program Files (x86)\Intel\iCLS Client\;C:\Program Files\Intel\iCLS Client\;C:\WINDOWS\system32;C:\WINDOWS;C:\WINDOWS\System32\Wbem;C:\WINDOWS\System32\WindowsPowerShell\v1.0\;C:\Program Files (x86)\Intel\Intel(R) Management Engine Components\DAL;C:\Program Files\Intel\Intel(R) Management Engine Components\DAL;C:\Program Files (x86)\Intel\Intel(R) Management Engine Components\IPT;C:\Program Files\Intel\Intel(R) Management Engine Components\IPT;C:\Program Files (x86)\Skype\Phone\;C:\Program Files\Git\cmd;C:\Program Files\Intel\WiFi\bin\;C:\Program Files\Common Files\Intel\WirelessCommon\;C:\Program Files (x86)\Java\jre1.8.0_131\bin;C:\Program Files\Java\jdk1.8.0_161\bin;C:\Program Files (x86)\QuickTime\QTSystem\;C:\Users\Usuario\AppData\Local\Microsoft\WindowsApps;C:\Users\Usuario\AppData\Local\Programs\Python\Python36-32;C:\Users\Usuario\AppData\Local\Microsoft\WindowsApps;C:\Program Files\Intel\WiFi\bin\;C:\Program Files\Common Files\Intel\WirelessCommon\;C:\WINDOWS\system32;
USERNAME=Usuario
OS=Windows_NT
PROCESSOR_IDENTIFIER=Intel64 Family 6 Model 78 Stepping 3, GenuineIntel



---------------  S Y S T E M  ---------------

OS: Windows 10.0 , 64 bit Build 16299 (10.0.16299.15)

CPU:total 4 (initial active 4) (2 cores per cpu, 2 threads per core) family 6 model 78 stepping 3, cmov, cx8, fxsr, mmx, sse, sse2, sse3, ssse3, sse4.1, sse4.2, popcnt, avx, avx2, aes, clmul, erms, 3dnowpref, lzcnt, ht, tsc, tscinvbit, bmi1, bmi2, adx

Memory: 4k page, physical 4054684k(495980k free), swap 16637596k(5872k free)

vm_info: Java HotSpot(TM) 64-Bit Server VM (25.161-b12) for windows-amd64 JRE (1.8.0_161-b12), built on Dec 19 2017 17:52:25 by "java_re" with MS VC++ 10.0 (VS2010)

time: Wed May 02 16:28:50 2018
elapsed time: 0 seconds (0d 0h 0m 0s)

